Determining if the pthread_create exist failed with the following output:
Change Dir: /home/shuimujieming/catkin_ws/build/CMakeFiles/CMakeTmp

Run Build Command:"/usr/bin/make" "cmTC_949ed/fast"
/usr/bin/make -f CMakeFiles/cmTC_949ed.dir/build.make CMakeFiles/cmTC_949ed.dir/build
make[1]: 进入目录“/home/shuimujieming/catkin_ws/build/CMakeFiles/CMakeTmp”
Building C object CMakeFiles/cmTC_949ed.dir/CheckSymbolExists.c.o
/usr/bin/cc    -o CMakeFiles/cmTC_949ed.dir/CheckSymbolExists.c.o   -c /home/shuimujieming/catkin_ws/build/CMakeFiles/CMakeTmp/CheckSymbolExists.c
Linking C executable cmTC_949ed
/usr/bin/cmake -E cmake_link_script CMakeFiles/cmTC_949ed.dir/link.txt --verbose=1
/usr/bin/cc      -rdynamic CMakeFiles/cmTC_949ed.dir/CheckSymbolExists.c.o  -o cmTC_949ed 
CMakeFiles/cmTC_949ed.dir/CheckSymbolExists.c.o：在函数‘main’中：
CheckSymbolExists.c:(.text+0x1b)：对‘pthread_create’未定义的引用
collect2: error: ld returned 1 exit status
CMakeFiles/cmTC_949ed.dir/build.make:97: recipe for target 'cmTC_949ed' failed
make[1]: *** [cmTC_949ed] Error 1
make[1]: 离开目录“/home/shuimujieming/catkin_ws/build/CMakeFiles/CMakeTmp”
Makefile:126: recipe for target 'cmTC_949ed/fast' failed
make: *** [cmTC_949ed/fast] Error 2

File /home/shuimujieming/catkin_ws/build/CMakeFiles/CMakeTmp/CheckSymbolExists.c:
/* */
#include <pthread.h>

int main(int argc, char** argv)
{
  (void)argv;
#ifndef pthread_create
  return ((int*)(&pthread_create))[argc];
#else
  (void)argc;
  return 0;
#endif
}

Determining if the function pthread_create exists in the pthreads failed with the following output:
Change Dir: /home/shuimujieming/catkin_ws/build/CMakeFiles/CMakeTmp

Run Build Command:"/usr/bin/make" "cmTC_345af/fast"
/usr/bin/make -f CMakeFiles/cmTC_345af.dir/build.make CMakeFiles/cmTC_345af.dir/build
make[1]: 进入目录“/home/shuimujieming/catkin_ws/build/CMakeFiles/CMakeTmp”
Building C object CMakeFiles/cmTC_345af.dir/CheckFunctionExists.c.o
/usr/bin/cc   -DCHECK_FUNCTION_EXISTS=pthread_create   -o CMakeFiles/cmTC_345af.dir/CheckFunctionExists.c.o   -c /usr/share/cmake-3.10/Modules/CheckFunctionExists.c
Linking C executable cmTC_345af
/usr/bin/cmake -E cmake_link_script CMakeFiles/cmTC_345af.dir/link.txt --verbose=1
/usr/bin/cc  -DCHECK_FUNCTION_EXISTS=pthread_create    -rdynamic CMakeFiles/cmTC_345af.dir/CheckFunctionExists.c.o  -o cmTC_345af -lpthreads 
/usr/bin/ld: 找不到 -lpthreads
collect2: error: ld returned 1 exit status
CMakeFiles/cmTC_345af.dir/build.make:97: recipe for target 'cmTC_345af' failed
make[1]: *** [cmTC_345af] Error 1
make[1]: 离开目录“/home/shuimujieming/catkin_ws/build/CMakeFiles/CMakeTmp”
Makefile:126: recipe for target 'cmTC_345af/fast' failed
make: *** [cmTC_345af/fast] Error 2


